d:\academic\cs351-2017\lectures\14-3d camera\display-qt-3d\x64\debug\vc140.pdb
d:\academic\cs351-2017\lectures\14-3d camera\display-qt-3d\x64\debug\window.obj
d:\academic\cs351-2017\lectures\14-3d camera\display-qt-3d\x64\debug\main.obj
d:\academic\cs351-2017\lectures\14-3d camera\display-qt-3d\x64\debug\moc_window.obj
d:\academic\cs351-2017\lectures\14-3d camera\display-qt-3d\x64\debug\moc_myglwidget.obj
d:\academic\cs351-2017\lectures\14-3d camera\display-qt-3d\x64\debug\qrc_simpleqtogl.obj
d:\academic\cs351-2017\lectures\14-3d camera\display-qt-3d\x64\debug\parser.obj
d:\academic\cs351-2017\lectures\14-3d camera\display-qt-3d\x64\debug\gvector.obj
d:\academic\cs351-2017\lectures\14-3d camera\display-qt-3d\x64\debug\gmatrix.obj
d:\academic\cs351-2017\lectures\14-3d camera\display-qt-3d\x64\debug\camera.obj
d:\academic\cs351-2017\lectures\14-3d camera\display-qt-3d\x64\debug\myglwidget.obj
d:\academic\cs351-2017\lectures\14-3d camera\display-qt-3d\x64\debug\econtroller.obj
d:\academic\cs351-2017\lectures\14-3d camera\display-qt-3d\generatedfiles\qrc_simpleqtogl.cpp
d:\academic\cs351-2017\lectures\14-3d camera\display-qt-3d\generatedfiles\debug\moc_myglwidget.cpp
d:\academic\cs351-2017\lectures\14-3d camera\display-qt-3d\generatedfiles\debug\moc_window.cpp
d:\academic\cs351-2017\lectures\14-3d camera\display-qt-3d\generatedfiles\ui_window.h
d:\academic\cs351-2017\lectures\14-3d camera\display-qt-3d\x64\debug\simpleqtogl.ilk
d:\academic\cs351-2017\lectures\14-3d camera\display-qt-3d\x64\debug\simpleqtogl.exe
d:\academic\cs351-2017\lectures\14-3d camera\display-qt-3d\x64\debug\simpleqtogl.pdb
d:\academic\cs351-2017\lectures\14-3d camera\display-qt-3d\x64\debug\simpleqtogl.tlog\cl.command.1.tlog
d:\academic\cs351-2017\lectures\14-3d camera\display-qt-3d\x64\debug\simpleqtogl.tlog\cl.read.1.tlog
d:\academic\cs351-2017\lectures\14-3d camera\display-qt-3d\x64\debug\simpleqtogl.tlog\cl.write.1.tlog
d:\academic\cs351-2017\lectures\14-3d camera\display-qt-3d\x64\debug\simpleqtogl.tlog\custombuild.command.1.tlog
d:\academic\cs351-2017\lectures\14-3d camera\display-qt-3d\x64\debug\simpleqtogl.tlog\custombuild.read.1.tlog
d:\academic\cs351-2017\lectures\14-3d camera\display-qt-3d\x64\debug\simpleqtogl.tlog\custombuild.write.1.tlog
d:\academic\cs351-2017\lectures\14-3d camera\display-qt-3d\x64\debug\simpleqtogl.tlog\link.command.1.tlog
d:\academic\cs351-2017\lectures\14-3d camera\display-qt-3d\x64\debug\simpleqtogl.tlog\link.read.1.tlog
d:\academic\cs351-2017\lectures\14-3d camera\display-qt-3d\x64\debug\simpleqtogl.tlog\link.write.1.tlog
